{"target": -0.036542285189686996, "params": {"batch_size": 64.0, "dropout": 0.25, "hidden_dim": 256.0, "learning_rate": 0.0001, "num_layers": 2.0, "sequence_length": 30.0}, "datetime": {"datetime": "2025-02-27 16:06:01", "elapsed": 0.0, "delta": 0.0}}
{"target": -0.2555984929264831, "params": {"batch_size": 51.589977470742554, "dropout": 0.2010212545793558, "hidden_dim": 233.41157803407222, "learning_rate": 0.0008995724476952761, "num_layers": 2.125331191322132, "sequence_length": 30.5786969058827}, "datetime": {"datetime": "2025-02-27 16:15:24", "elapsed": 562.769204, "delta": 562.769204}}
{"target": -0.041647876092210906, "params": {"batch_size": 64.6509132017538, "dropout": 0.2582864907133194, "hidden_dim": 256.5774055933909, "learning_rate": 0.0005841519241727654, "num_layers": 2.834176205601699, "sequence_length": 30.748033943934313}, "datetime": {"datetime": "2025-02-27 16:24:03", "elapsed": 1082.238546, "delta": 519.469342}}
{"target": -0.2200352369388185, "params": {"batch_size": 51.06124667680084, "dropout": 0.23252165154343102, "hidden_dim": 274.5390054606003, "learning_rate": 0.000997468291184146, "num_layers": 2.785873269430369, "sequence_length": 30.27703145630956}, "datetime": {"datetime": "2025-02-27 16:32:39", "elapsed": 1597.508765, "delta": 515.270219}}
{"target": -0.11542736387226149, "params": {"batch_size": 76.00698133864407, "dropout": 0.25189802915051507, "hidden_dim": 247.93623283628546, "learning_rate": 8.278456039287094e-05, "num_layers": 2.6803436496250446, "sequence_length": 31.23030584106357}, "datetime": {"datetime": "2025-02-27 16:40:37", "elapsed": 2075.487132, "delta": 477.978367}}
{"target": -0.05429068853153146, "params": {"batch_size": 63.26145975065065, "dropout": 0.26468199388210634, "hidden_dim": 254.10583760313511, "learning_rate": 0.0009888911753543215, "num_layers": 2.093297690644727, "sequence_length": 46.99267519305711}, "datetime": {"datetime": "2025-02-27 16:49:49", "elapsed": 2627.819684, "delta": 552.332552}}
{"target": -0.07599688552792239, "params": {"batch_size": 74.575862248452, "dropout": 0.23456174353404852, "hidden_dim": 259.903977896288, "learning_rate": 0.0008189460745798317, "num_layers": 2.864121803077307, "sequence_length": 57.47938339168157}, "datetime": {"datetime": "2025-02-27 16:59:11", "elapsed": 3189.907658, "delta": 562.087974}}
{"target": -0.04909115284834683, "params": {"batch_size": 52.58672122685882, "dropout": 0.2318011782172994, "hidden_dim": 257.6952899703059, "learning_rate": 0.0009357175697948676, "num_layers": 2.1904628933400585, "sequence_length": 59.59495774312472}, "datetime": {"datetime": "2025-02-27 17:08:57", "elapsed": 3776.186386, "delta": 586.278728}}
{"target": -0.16658001284378313, "params": {"batch_size": 59.886951875903975, "dropout": 0.2289449732790256, "hidden_dim": 243.00542466994358, "learning_rate": 0.0006774495564733507, "num_layers": 2.456448187671684, "sequence_length": 59.95990835075959}, "datetime": {"datetime": "2025-02-27 17:18:37", "elapsed": 4355.285487, "delta": 579.099101}}
{"target": -0.13968477957430014, "params": {"batch_size": 59.96406300969217, "dropout": 0.2817779380534882, "hidden_dim": 266.66752945579145, "learning_rate": 0.0005497757545603852, "num_layers": 2.549219835892663, "sequence_length": 54.31446256769034}, "datetime": {"datetime": "2025-02-27 17:28:27", "elapsed": 4945.718963, "delta": 590.433476}}
