{"target": -0.05344296946212548, "params": {"batch_size": 64.0, "dropout": 0.25, "hidden_dim": 256.0, "learning_rate": 0.0001, "num_layers": 2.0, "sequence_length": 30.0}, "datetime": {"datetime": "2025-02-24 23:41:36", "elapsed": 0.0, "delta": 0.0}}
{"target": -0.27842865273291234, "params": {"batch_size": 51.589977470742554, "dropout": 0.2010212545793558, "hidden_dim": 233.41157803407222, "learning_rate": 0.0008995724476952761, "num_layers": 2.125331191322132, "sequence_length": 30.5786969058827}, "datetime": {"datetime": "2025-02-25 00:07:59", "elapsed": 1582.189558, "delta": 1582.189558}}
{"target": -0.062166330309682924, "params": {"batch_size": 64.6509132017538, "dropout": 0.2582864907133194, "hidden_dim": 256.5774055933909, "learning_rate": 0.0005841519241727654, "num_layers": 2.834176205601699, "sequence_length": 30.748033943934313}, "datetime": {"datetime": "2025-02-25 00:24:36", "elapsed": 2579.292814, "delta": 997.103256}}
{"target": -0.16172363547357155, "params": {"batch_size": 51.65024029068199, "dropout": 0.21315844010065518, "hidden_dim": 266.42188732759587, "learning_rate": 0.0002834340815904439, "num_layers": 2.5126747210342004, "sequence_length": 30.720273814299023}, "datetime": {"datetime": "2025-02-25 00:41:43", "elapsed": 3606.852955, "delta": 1027.560141}}
{"target": -0.14899893339721632, "params": {"batch_size": 74.23631506939252, "dropout": 0.2717654421157165, "hidden_dim": 246.40820285986663, "learning_rate": 0.0009593269404392451, "num_layers": 2.00158687943394, "sequence_length": 30.611858625995314}, "datetime": {"datetime": "2025-02-25 01:04:20", "elapsed": 4963.925205, "delta": 1357.07225}}
{"target": -0.17391280937693618, "params": {"batch_size": 74.63273501556016, "dropout": 0.2556861293237737, "hidden_dim": 268.96528844027114, "learning_rate": 0.0002535288981566709, "num_layers": 2.291188837175059, "sequence_length": 31.326722539412593}, "datetime": {"datetime": "2025-02-25 01:30:05", "elapsed": 6508.168799, "delta": 1544.243594}}
{"target": -0.08852032483570549, "params": {"batch_size": 58.95719551774758, "dropout": 0.29876431301539874, "hidden_dim": 252.7769124757989, "learning_rate": 0.0007548066727137823, "num_layers": 2.186096698322923, "sequence_length": 36.797100631906055}, "datetime": {"datetime": "2025-02-25 01:46:59", "elapsed": 7522.304719, "delta": 1014.13592}}
{"target": -0.05915179665603217, "params": {"batch_size": 64.69950057287261, "dropout": 0.2549068725711007, "hidden_dim": 255.61792204787125, "learning_rate": 0.0007637039739075227, "num_layers": 2.1582987554247617, "sequence_length": 56.7413016188771}, "datetime": {"datetime": "2025-02-25 02:05:57", "elapsed": 8661.010417, "delta": 1138.705698}}
{"target": -0.0723896002809957, "params": {"batch_size": 52.68079739874889, "dropout": 0.22175108680448954, "hidden_dim": 257.7900830775165, "learning_rate": 0.0003835409542488223, "num_layers": 2.3330150391658124, "sequence_length": 59.23909233200902}, "datetime": {"datetime": "2025-02-25 02:16:15", "elapsed": 9278.528039, "delta": 617.517622}}
{"target": -0.18394035480552032, "params": {"batch_size": 62.929826920191886, "dropout": 0.20570022711651995, "hidden_dim": 268.5550604446587, "learning_rate": 0.0008452632183886701, "num_layers": 2.7878179122325677, "sequence_length": 59.70419191885335}, "datetime": {"datetime": "2025-02-25 02:41:12", "elapsed": 10775.123874, "delta": 1496.595835}}
