{"target": -0.47527645489188725, "params": {"batch_size": 64.0, "dropout": 0.25, "hidden_dim": 256.0, "learning_rate": 0.0001, "num_layers": 2.0, "sequence_length": 30.0}, "datetime": {"datetime": "2025-02-24 11:07:37", "elapsed": 0.0, "delta": 0.0}}
{"target": -0.7497799361014914, "params": {"batch_size": 51.589977470742554, "dropout": 0.2010212545793558, "hidden_dim": 233.41157803407222, "learning_rate": 0.0008995724476952761, "num_layers": 2.125331191322132, "sequence_length": 30.5786969058827}, "datetime": {"datetime": "2025-02-24 11:29:45", "elapsed": 1328.062785, "delta": 1328.062785}}
{"target": -0.5348570456841357, "params": {"batch_size": 64.6509132017538, "dropout": 0.2582864907133194, "hidden_dim": 256.5774055933909, "learning_rate": 0.0005841519241727654, "num_layers": 2.834176205601699, "sequence_length": 30.748033943934313}, "datetime": {"datetime": "2025-02-24 11:58:43", "elapsed": 3065.889107, "delta": 1737.826322}}
{"target": -0.5663647536378073, "params": {"batch_size": 59.44194427620997, "dropout": 0.20583054557119457, "hidden_dim": 252.37354577641855, "learning_rate": 0.000978713106033851, "num_layers": 2.839990618452237, "sequence_length": 30.6389275299481}, "datetime": {"datetime": "2025-02-24 12:31:01", "elapsed": 5003.799812, "delta": 1937.910705}}
{"target": -0.5016330206019917, "params": {"batch_size": 58.23524907840978, "dropout": 0.296373297177367, "hidden_dim": 258.9018519494048, "learning_rate": 4.5218874942801945e-05, "num_layers": 2.3740565268904237, "sequence_length": 30.39034004190788}, "datetime": {"datetime": "2025-02-24 13:08:06", "elapsed": 7228.333954, "delta": 2224.534142}}
{"target": -0.4907868058993502, "params": {"batch_size": 60.178507411390704, "dropout": 0.29492650781927576, "hidden_dim": 256.903447453832, "learning_rate": 0.00014079108299202355, "num_layers": 2.15041016876685, "sequence_length": 34.2045099351546}, "datetime": {"datetime": "2025-02-24 13:28:31", "elapsed": 8454.020381, "delta": 1225.686427}}
{"target": -0.5941173261690015, "params": {"batch_size": 58.95190214183611, "dropout": 0.28908953390608655, "hidden_dim": 262.0719387078373, "learning_rate": 0.0009496904151062312, "num_layers": 2.9919059929177134, "sequence_length": 34.99620896870472}, "datetime": {"datetime": "2025-02-24 13:55:37", "elapsed": 10080.109674, "delta": 1626.089293}}
{"target": -0.5522033187819173, "params": {"batch_size": 63.984787637423835, "dropout": 0.22125993230792876, "hidden_dim": 252.82388989606045, "learning_rate": 0.00021016159501672501, "num_layers": 2.1677277066381975, "sequence_length": 31.68335941797231}, "datetime": {"datetime": "2025-02-24 14:15:44", "elapsed": 11286.222499, "delta": 1206.112825}}
{"target": -0.5343644177357262, "params": {"batch_size": 61.389280283436605, "dropout": 0.23319677274160905, "hidden_dim": 256.67080478940704, "learning_rate": 0.000317656911315828, "num_layers": 2.394847598025532, "sequence_length": 30.975844425242638}, "datetime": {"datetime": "2025-02-24 14:30:37", "elapsed": 12179.364999, "delta": 893.1425}}
{"target": -0.532316503485231, "params": {"batch_size": 56.93455402184529, "dropout": 0.222682577586801, "hidden_dim": 256.87357807095754, "learning_rate": 0.00034382502493017275, "num_layers": 2.6429483099000937, "sequence_length": 33.95856025481232}, "datetime": {"datetime": "2025-02-24 15:20:38", "elapsed": 15180.325886, "delta": 3000.960887}}
