{"target": -0.0650763512633386, "params": {"batch_size": 64.0, "dropout": 0.25, "hidden_dim": 256.0, "learning_rate": 0.0001, "num_layers": 2.0, "sequence_length": 30.0}, "datetime": {"datetime": "2025-02-21 23:49:23", "elapsed": 0.0, "delta": 0.0}}
{"target": -0.3290507048915036, "params": {"batch_size": 51.589977470742554, "dropout": 0.2010212545793558, "hidden_dim": 233.41157803407222, "learning_rate": 0.0008995724476952761, "num_layers": 2.125331191322132, "sequence_length": 30.5786969058827}, "datetime": {"datetime": "2025-02-22 00:21:51", "elapsed": 1948.468944, "delta": 1948.468944}}
{"target": -0.11247357197523378, "params": {"batch_size": 64.6509132017538, "dropout": 0.2582864907133194, "hidden_dim": 256.5774055933909, "learning_rate": 0.0005841519241727654, "num_layers": 2.834176205601699, "sequence_length": 30.748033943934313}, "datetime": {"datetime": "2025-02-22 01:02:14", "elapsed": 4371.732917, "delta": 2423.263973}}
{"target": -0.14299635119781828, "params": {"batch_size": 59.44194427620997, "dropout": 0.20583054557119457, "hidden_dim": 252.37354577641855, "learning_rate": 0.000978713106033851, "num_layers": 2.839990618452237, "sequence_length": 30.6389275299481}, "datetime": {"datetime": "2025-02-22 01:31:42", "elapsed": 6139.231707, "delta": 1767.49879}}
{"target": -0.09816136390671078, "params": {"batch_size": 58.23524907840978, "dropout": 0.296373297177367, "hidden_dim": 258.9018519494048, "learning_rate": 4.5218874942801945e-05, "num_layers": 2.3740565268904237, "sequence_length": 30.39034004190788}, "datetime": {"datetime": "2025-02-22 03:35:25", "elapsed": 13562.906651, "delta": 7423.674944}}
{"target": -0.16689071865649452, "params": {"batch_size": 66.53148272187292, "dropout": 0.2845870235378121, "hidden_dim": 249.62965495559223, "learning_rate": 0.0006546490811027421, "num_layers": 2.131806451503811, "sequence_length": 31.893269764054224}, "datetime": {"datetime": "2025-02-22 04:08:13", "elapsed": 15530.313035, "delta": 1967.406384}}
{"target": -0.148228267355337, "params": {"batch_size": 59.544362653969365, "dropout": 0.2313281339937733, "hidden_dim": 264.3129315790778, "learning_rate": 0.00011918567312637057, "num_layers": 2.3748226919263686, "sequence_length": 30.2534187031449}, "datetime": {"datetime": "2025-02-22 05:50:55", "elapsed": 21692.474345, "delta": 6162.16131}}
{"target": -0.11495464881187212, "params": {"batch_size": 59.242886378104764, "dropout": 0.22948013988556026, "hidden_dim": 257.0931677646678, "learning_rate": 0.0003791090019179492, "num_layers": 2.2973618875755943, "sequence_length": 35.565560617372604}, "datetime": {"datetime": "2025-02-22 06:21:47", "elapsed": 23544.338806, "delta": 1851.864461}}
{"target": -0.14205650150411558, "params": {"batch_size": 53.6647488222116, "dropout": 0.25163915463362746, "hidden_dim": 259.5730324765882, "learning_rate": 0.0006729589795440641, "num_layers": 2.7592061639216814, "sequence_length": 33.13168493568873}, "datetime": {"datetime": "2025-02-22 06:52:40", "elapsed": 25397.796569, "delta": 1853.457763}}
{"target": -0.13274558248310084, "params": {"batch_size": 57.834798346059856, "dropout": 0.2567334251394349, "hidden_dim": 258.96338632759625, "learning_rate": 0.000783527483339117, "num_layers": 2.1166057595736487, "sequence_length": 41.5673154840123}, "datetime": {"datetime": "2025-02-22 07:25:58", "elapsed": 27395.716492, "delta": 1997.919923}}
{"target": -0.10795561478433366, "params": {"batch_size": 61.5270850373953, "dropout": 0.21377285934208218, "hidden_dim": 256.2762991971462, "learning_rate": 0.0003733279829101607, "num_layers": 2.531342675576811, "sequence_length": 31.879470944533903}, "datetime": {"datetime": "2025-02-22 07:53:23", "elapsed": 29040.372782, "delta": 1644.65629}}
{"target": -0.1617449783430836, "params": {"batch_size": 55.03483646140289, "dropout": 0.256198518952278, "hidden_dim": 250.51285334769608, "learning_rate": 0.0006668918539283053, "num_layers": 2.868019203797992, "sequence_length": 43.25949101356755}, "datetime": {"datetime": "2025-02-22 08:25:22", "elapsed": 30959.855172, "delta": 1919.48239}}
{"target": -0.15230061014364416, "params": {"batch_size": 64.30213089537365, "dropout": 0.24151955713875223, "hidden_dim": 263.80342182938966, "learning_rate": 0.00047452478520956597, "num_layers": 2.7039722715659344, "sequence_length": 42.34958873988529}, "datetime": {"datetime": "2025-02-22 10:02:59", "elapsed": 36816.725272, "delta": 5856.8701}}
{"target": -0.20194378137780503, "params": {"batch_size": 52.514809159442095, "dropout": 0.2874824394533685, "hidden_dim": 265.60196733480495, "learning_rate": 0.0008769807197267144, "num_layers": 2.677185720485859, "sequence_length": 44.872182713881344}, "datetime": {"datetime": "2025-02-22 10:39:33", "elapsed": 39010.860019, "delta": 2194.134747}}
{"target": -0.08737384230802044, "params": {"batch_size": 63.92201253674119, "dropout": 0.25612401965311843, "hidden_dim": 254.654662445547, "learning_rate": 7.854394654402343e-05, "num_layers": 2.7707397475790576, "sequence_length": 40.40888020956363}, "datetime": {"datetime": "2025-02-22 11:14:08", "elapsed": 41085.317438, "delta": 2074.457419}}
{"target": -0.13604312829636503, "params": {"batch_size": 64.52758209325097, "dropout": 0.22423439492483319, "hidden_dim": 253.0528580150806, "learning_rate": 0.0006752238365144128, "num_layers": 2.807063795201256, "sequence_length": 44.07305594982705}, "datetime": {"datetime": "2025-02-22 11:39:03", "elapsed": 42580.12419, "delta": 1494.806752}}
{"target": -0.0910125487646007, "params": {"batch_size": 63.3231893469538, "dropout": 0.2100320642167911, "hidden_dim": 257.8283553235336, "learning_rate": 0.00020629762206258816, "num_layers": 2.5861891096212215, "sequence_length": 38.31585183032942}, "datetime": {"datetime": "2025-02-22 12:45:11", "elapsed": 46548.503401, "delta": 3968.379211}}
{"target": -0.10925840723484698, "params": {"batch_size": 69.5274084573252, "dropout": 0.22369386899678623, "hidden_dim": 256.4693635916998, "learning_rate": 0.0003927622312627693, "num_layers": 2.4070989734393287, "sequence_length": 40.070330091446}, "datetime": {"datetime": "2025-02-22 13:00:41", "elapsed": 47478.72364, "delta": 930.220239}}
{"target": -0.11218489469577084, "params": {"batch_size": 76.48188596359144, "dropout": 0.25801565369444923, "hidden_dim": 255.10733053420898, "learning_rate": 0.0005908192988287482, "num_layers": 2.1441812989830957, "sequence_length": 42.20566214625029}, "datetime": {"datetime": "2025-02-22 13:32:29", "elapsed": 49385.986362, "delta": 1907.262722}}
{"target": -0.09533411751950116, "params": {"batch_size": 75.8137072255067, "dropout": 0.22362171536877476, "hidden_dim": 258.60357068372787, "learning_rate": 6.330749742114533e-05, "num_layers": 2.804925557795179, "sequence_length": 37.04576223389176}, "datetime": {"datetime": "2025-02-22 15:03:17", "elapsed": 54834.845889, "delta": 5448.859527}}
{"target": -0.11598517817010442, "params": {"batch_size": 78.7927388413969, "dropout": 0.24909156965227858, "hidden_dim": 260.9853003735186, "learning_rate": 7.395349618030218e-05, "num_layers": 2.1995925282397994, "sequence_length": 41.08356717850041}, "datetime": {"datetime": "2025-02-22 15:44:02", "elapsed": 57279.908984, "delta": 2445.063095}}
{"target": -0.10601600604289796, "params": {"batch_size": 79.61157817072855, "dropout": 0.20394481989022814, "hidden_dim": 255.98174018863585, "learning_rate": 0.0006766565914269925, "num_layers": 2.661104533513991, "sequence_length": 36.887208353036215}, "datetime": {"datetime": "2025-02-22 16:04:32", "elapsed": 58509.65783, "delta": 1229.748846}}
{"target": -0.15872745566761773, "params": {"batch_size": 76.29037468694702, "dropout": 0.25981419429820074, "hidden_dim": 261.4894713617064, "learning_rate": 0.0007304670131704024, "num_layers": 2.2590564689756203, "sequence_length": 32.358187370134566}, "datetime": {"datetime": "2025-02-22 16:32:04", "elapsed": 60161.425204, "delta": 1651.767374}}
{"target": -0.09385029268179049, "params": {"batch_size": 74.3117100646753, "dropout": 0.26085904469156374, "hidden_dim": 253.62109335091475, "learning_rate": 0.0003108107775697263, "num_layers": 2.224112470418039, "sequence_length": 36.85660563297217}, "datetime": {"datetime": "2025-02-22 18:09:57", "elapsed": 66034.396798, "delta": 5872.971594}}
{"target": -0.1296140877693622, "params": {"batch_size": 78.34933922808165, "dropout": 0.23123835768570475, "hidden_dim": 250.05677891793306, "learning_rate": 5.814695114768171e-05, "num_layers": 2.561675823745616, "sequence_length": 36.345314216478414}, "datetime": {"datetime": "2025-02-22 19:24:36", "elapsed": 70513.771718, "delta": 4479.37492}}
